[    0.000000] Initializing cgroup subsys cpuset
[    0.000000] Initializing cgroup subsys cpu
[    0.000000] Initializing cgroup subsys cpuacct
[    0.000000] Linux version 4.4.0-131-generic (buildd@lgw01-amd64-015) (gcc version 5.4.0 20160609 (Ubuntu 5.4.0-6ubuntu1~16.04.10) ) #157-Ubuntu SMP Thu Jul 12 15:51:36 UTC 2018 (Ubuntu 4.4.0-131.157-generic 4.4.134)
[    0.000000] Command line: BOOT_IMAGE=/boot/vmlinuz-4.4.0-131-generic root=LABEL=cloudimg-rootfs ro console=tty1 console=ttyS0
[    0.000000] KERNEL supported cpus:
[    0.000000]   Intel GenuineIntel
[    0.000000]   AMD AuthenticAMD
[    0.000000]   Centaur CentaurHauls
[    0.000000] x86/fpu: xstate_offset[2]:  576, xstate_sizes[2]:  256
[    0.000000] x86/fpu: Supporting XSAVE feature 0x01: 'x87 floating point registers'
[    0.000000] x86/fpu: Supporting XSAVE feature 0x02: 'SSE registers'
[    0.000000] x86/fpu: Supporting XSAVE feature 0x04: 'AVX registers'
[    0.000000] x86/fpu: Enabled xstate features 0x7, context size is 832 bytes, using 'standard' format.
[    0.000000] x86/fpu: Using 'eager' FPU context switches.
[    0.000000] e820: BIOS-provided physical RAM map:
[    0.000000] BIOS-e820: [mem 0x0000000000000000-0x000000000009fbff] usable
[    0.000000] BIOS-e820: [mem 0x000000000009fc00-0x000000000009ffff] reserved
[    0.000000] BIOS-e820: [mem 0x00000000000f0000-0x00000000000fffff] reserved
[    0.000000] BIOS-e820: [mem 0x0000000000100000-0x000000001ffeffff] usable
[    0.000000] BIOS-e820: [mem 0x000000001fff0000-0x000000001fffffff] ACPI data
[    0.000000] BIOS-e820: [mem 0x00000000fec00000-0x00000000fec00fff] reserved
[    0.000000] BIOS-e820: [mem 0x00000000fee00000-0x00000000fee00fff] reserved
[    0.000000] BIOS-e820: [mem 0x00000000fffc0000-0x00000000ffffffff] reserved
[    0.000000] NX (Execute Disable) protection: active
[    0.000000] SMBIOS 2.5 present.
[    0.000000] Hypervisor detected: KVM
[    0.000000] e820: last_pfn = 0x1fff0 max_arch_pfn = 0x400000000
[    0.000000] MTRR: Disabled
[    0.000000] x86/PAT: MTRRs disabled, skipping PAT initialization too.
[    0.000000] CPU MTRRs all blank - virtualized system.
[    0.000000] x86/PAT: Configuration [0-7]: WB  WT  UC- UC  WB  WT  UC- UC  
[    0.000000] found SMP MP-table at [mem 0x0009fff0-0x0009ffff] mapped at [ffff88000009fff0]
[    0.000000] Scanning 1 areas for low memory corruption
[    0.000000] RAMDISK: [mem 0x1e994000-0x1f805fff]
[    0.000000] ACPI: Early table checksum verification disabled
[    0.000000] ACPI: RSDP 0x00000000000E0000 000024 (v02 VBOX  )
[    0.000000] ACPI: XSDT 0x000000001FFF0030 00003C (v01 VBOX   VBOXXSDT 00000001 ASL  00000061)
[    0.000000] ACPI: FACP 0x000000001FFF00F0 0000F4 (v04 VBOX   VBOXFACP 00000001 ASL  00000061)
[    0.000000] ACPI: DSDT 0x000000001FFF0470 0021FF (v02 VBOX   VBOXBIOS 00000002 INTL 20160108)
[    0.000000] ACPI: FACS 0x000000001FFF0200 000040
[    0.000000] ACPI: FACS 0x000000001FFF0200 000040
[    0.000000] ACPI: APIC 0x000000001FFF0240 00005C (v02 VBOX   VBOXAPIC 00000001 ASL  00000061)
[    0.000000] ACPI: SSDT 0x000000001FFF02A0 0001CC (v01 VBOX   VBOXCPUT 00000002 INTL 20160108)
[    0.000000] No NUMA configuration found
[    0.000000] Faking a node at [mem 0x0000000000000000-0x000000001ffeffff]
[    0.000000] NODE_DATA(0) allocated [mem 0x1ffeb000-0x1ffeffff]
[    0.000000] kvm-clock: Using msrs 4b564d01 and 4b564d00
[    0.000000] kvm-clock: cpu 0, msr 0:1ffe3001, primary cpu clock
[    0.000000] kvm-clock: using sched offset of 3716194878 cycles
[    0.000000] clocksource: kvm-clock: mask: 0xffffffffffffffff max_cycles: 0x1cd42e4dffb, max_idle_ns: 881590591483 ns
[    0.000000] Zone ranges:
[    0.000000]   DMA      [mem 0x0000000000001000-0x0000000000ffffff]
[    0.000000]   DMA32    [mem 0x0000000001000000-0x000000001ffeffff]
[    0.000000]   Normal   empty
[    0.000000]   Device   empty
[    0.000000] Movable zone start for each node
[    0.000000] Early memory node ranges
[    0.000000]   node   0: [mem 0x0000000000001000-0x000000000009efff]
[    0.000000]   node   0: [mem 0x0000000000100000-0x000000001ffeffff]
[    0.000000] Initmem setup node 0 [mem 0x0000000000001000-0x000000001ffeffff]
[    0.000000] ACPI: PM-Timer IO Port: 0x4008
[    0.000000] IOAPIC[0]: apic_id 2, version 32, address 0xfec00000, GSI 0-23
[    0.000000] ACPI: INT_SRC_OVR (bus 0 bus_irq 0 global_irq 2 dfl dfl)
[    0.000000] ACPI: INT_SRC_OVR (bus 0 bus_irq 9 global_irq 9 low level)
[    0.000000] Using ACPI (MADT) for SMP configuration information
[    0.000000] smpboot: Allowing 2 CPUs, 0 hotplug CPUs
[    0.000000] PM: Registered nosave memory: [mem 0x00000000-0x00000fff]
[    0.000000] PM: Registered nosave memory: [mem 0x0009f000-0x0009ffff]
[    0.000000] PM: Registered nosave memory: [mem 0x000a0000-0x000effff]
[    0.000000] PM: Registered nosave memory: [mem 0x000f0000-0x000fffff]
[    0.000000] e820: [mem 0x2000000-0xfebfffff] available for PCI devices
[    0.000000] Booting paravirtualized kernel on KVM
[    0.000000] clocksource: refined-jiffies: mask: 0xffffffff max_cycles: 0xffffffff, max_idle_ns: 7645519600211568 ns
[    0.000000] setup_percpu: NR_CPUS:512 nr_cpumask_bits:512 nr_cpu_ids:2 nr_node_ids:1
[    0.000000] PERCPU: Embedded 34 pages/cpu @ffff88001fc00000 s99544 r8192 d31528 u1048576
[    0.000000] PV qspinlock hash table entries: 256 (order: 0, 4096 bytes)
[    0.000000] Built 1 zonelists in Node order, mobility grouping on.  Total pages: 128888
[    0.000000] Policy zone: DMA32
[    0.000000] Kernel command line: BOOT_IMAGE=/boot/vmlinuz-4.4.0-131-generic root=LABEL=cloudimg-rootfs ro console=tty1 console=ttyS0
[    0.000000] PID hash table entries: 2048 (order: 2, 16384 bytes)
[    0.000000] Memory: 481644K/523832K available (8546K kernel code, 1313K rwdata, 4000K rodata, 1516K init, 1316K bss, 42188K reserved, 0K cma-reserved)
[    0.000000] SLUB: HWalign=64, Order=0-3, MinObjects=0, CPUs=2, Nodes=1
[    0.000000] Kernel/User page tables isolation: enabled
[    0.000000] Hierarchical RCU implementation.
[    0.000000] 	Build-time adjustment of leaf fanout to 64.
[    0.000000] 	RCU restricting CPUs from NR_CPUS=512 to nr_cpu_ids=2.
[    0.000000] RCU: Adjusting geometry for rcu_fanout_leaf=64, nr_cpu_ids=2
[    0.000000] NR_IRQS:33024 nr_irqs:440 16
[    0.000000] Console: colour VGA+ 80x25
[    0.000000] console [tty1] enabled
[    0.000000] console [ttyS0] enabled
[    0.000000] tsc: Detected 2592.000 MHz processor
[    0.185643] Calibrating delay loop (skipped) preset value.. 5184.00 BogoMIPS (lpj=10368000)
[    0.187230] pid_max: default: 32768 minimum: 301
[    0.188025] ACPI: Core revision 20150930
[    0.189654] ACPI: 2 ACPI AML tables successfully acquired and loaded
[    0.190877] Security Framework initialized
[    0.191602] Yama: becoming mindful.
[    0.192296] AppArmor: AppArmor initialized
[    0.193106] Dentry cache hash table entries: 65536 (order: 7, 524288 bytes)
[    0.194311] Inode-cache hash table entries: 32768 (order: 6, 262144 bytes)
[    0.195449] Mount-cache hash table entries: 1024 (order: 1, 8192 bytes)
[    0.196470] Mountpoint-cache hash table entries: 1024 (order: 1, 8192 bytes)
[    0.197790] Initializing cgroup subsys io
[    0.198545] Initializing cgroup subsys memory
[    0.199329] Initializing cgroup subsys devices
[    0.200120] Initializing cgroup subsys freezer
[    0.200949] Initializing cgroup subsys net_cls
[    0.201735] Initializing cgroup subsys perf_event
[    0.202574] Initializing cgroup subsys net_prio
[    0.203370] Initializing cgroup subsys hugetlb
[    0.204261] Initializing cgroup subsys pids
[    0.205096] CPU: Physical Processor ID: 0
[    0.205809] CPU: Processor Core ID: 0
[    0.207554] mce: CPU supports 0 MCE banks
[    0.208342] Last level iTLB entries: 4KB 64, 2MB 8, 4MB 8
[    0.209345] Last level dTLB entries: 4KB 64, 2MB 0, 4MB 0, 1GB 4
[    0.210382] Spectre V2 : Mitigation: Full generic retpoline
[    0.211308] Spectre V2 : Speculation control IBPB not-supported IBRS not-supported
[    0.212537] Spectre V2 : Filling RSB on context switch
[    0.221497] Speculative Store Bypass: Vulnerable
[    0.224991] Freeing SMP alternatives memory: 32K
[    0.233285] ftrace: allocating 32245 entries in 126 pages
[    0.285431] smpboot: APIC(0) Converting physical 0 to logical package 0
[    0.286554] smpboot: Max logical packages: 1
[    0.297594] x2apic enabled
[    0.298368] Switched APIC routing to physical x2apic.
[    0.308061] ..TIMER: vector=0x30 apic1=0 pin1=2 apic2=-1 pin2=-1
[    0.417214] smpboot: CPU0: Intel(R) Core(TM) i7-6500U CPU @ 2.50GHz (family: 0x6, model: 0x4e, stepping: 0x3)
[    0.419072] Performance Events: unsupported p6 CPU model 78 no PMU driver, software events only.
[    0.420776] KVM setup paravirtual spinlock
[    0.422265] x86: Booting SMP configuration:
[    0.423029] .... node  #0, CPUs:      #1
[    0.423921] kvm-clock: cpu 1, msr 0:1ffe3041, secondary cpu clock
[    0.425627] mce: CPU supports 0 MCE banks
[    0.428008] x86: Booted up 1 node, 2 CPUs
[    0.428949] smpboot: Total of 2 processors activated (10368.00 BogoMIPS)
[    0.430921] devtmpfs: initialized
[    0.433745] evm: security.selinux
[    0.434398] evm: security.SMACK64
[    0.435045] evm: security.SMACK64EXEC
[    0.435796] evm: security.SMACK64TRANSMUTE
[    0.436538] evm: security.SMACK64MMAP
[    0.437342] evm: security.ima
[    0.437943] evm: security.capability
[    0.438845] clocksource: jiffies: mask: 0xffffffff max_cycles: 0xffffffff, max_idle_ns: 7645041785100000 ns
[    0.440559] futex hash table entries: 512 (order: 3, 32768 bytes)
[    0.441746] pinctrl core: initialized pinctrl subsystem
[    0.442784] RTC time: 22:43:47, date: 08/23/18
[    0.443838] NET: Registered protocol family 16
[    0.457334] cpuidle: using governor ladder
[    0.469028] cpuidle: using governor menu
[    0.473916] PCCT header not found.
[    0.478180] ACPI: bus type PCI registered
[    0.480815] acpiphp: ACPI Hot Plug PCI Controller Driver version: 0.5
[    0.553663] PCI: Using configuration type 1 for base access
[    0.566978] ACPI: Added _OSI(Module Device)
[    0.578927] ACPI: Added _OSI(Processor Device)
[    0.580160] ACPI: Added _OSI(3.0 _SCP Extensions)
[    0.581439] ACPI: Added _OSI(Processor Aggregator Device)
[    0.583586] ACPI: Executed 1 blocks of module-level executable AML code
[    0.587473] ACPI: Interpreter enabled
[    0.588261] ACPI: (supports S0 S5)
[    0.589001] ACPI: Using IOAPIC for interrupt routing
[    0.590097] PCI: Using host bridge windows from ACPI; if necessary, use "pci=nocrs" and report a bug
[    0.594982] ACPI: PCI Root Bridge [PCI0] (domain 0000 [bus 00-ff])
[    0.596071] acpi PNP0A03:00: _OSC: OS supports [ASPM ClockPM Segments MSI]
[    0.606497] acpi PNP0A03:00: _OSC: not requesting OS control; OS requires [ExtendedConfig ASPM ClockPM MSI]
[    0.608221] acpi PNP0A03:00: fail to add MMCONFIG information, can't access extended PCI configuration space under this bridge.
[    0.610395] PCI host bridge to bus 0000:00
[    0.611123] pci_bus 0000:00: root bus resource [io  0x0000-0x0cf7 window]
[    0.612213] pci_bus 0000:00: root bus resource [io  0x0d00-0xffff window]
[    0.613271] pci_bus 0000:00: root bus resource [mem 0x000a0000-0x000bffff window]
[    0.614658] pci_bus 0000:00: root bus resource [mem 0x20000000-0xfdffffff window]
[    0.616048] pci_bus 0000:00: root bus resource [bus 00-ff]
[    0.618308] pci 0000:00:01.1: legacy IDE quirk: reg 0x10: [io  0x01f0-0x01f7]
[    0.619469] pci 0000:00:01.1: legacy IDE quirk: reg 0x14: [io  0x03f6]
[    0.630677] pci 0000:00:01.1: legacy IDE quirk: reg 0x18: [io  0x0170-0x0177]
[    0.656475] pci 0000:00:01.1: legacy IDE quirk: reg 0x1c: [io  0x0376]
[    0.666993] pci 0000:00:07.0: quirk: [io  0x4000-0x403f] claimed by PIIX4 ACPI
[    0.669909] pci 0000:00:07.0: quirk: [io  0x4100-0x410f] claimed by PIIX4 SMB
[    0.681838] ACPI: PCI Interrupt Link [LNKA] (IRQs 5 9 10 *11)
[    0.686166] ACPI: PCI Interrupt Link [LNKB] (IRQs 5 9 *10 11)
[    0.687675] ACPI: PCI Interrupt Link [LNKC] (IRQs 5 *9 10 11)
[    0.689118] ACPI: PCI Interrupt Link [LNKD] (IRQs 5 9 10 *11)
[    0.690713] ACPI: Enabled 2 GPEs in block 00 to 07
[    0.692085] vgaarb: setting as boot device: PCI:0000:00:02.0
[    0.693076] vgaarb: device added: PCI:0000:00:02.0,decodes=io+mem,owns=io+mem,locks=none
[    0.694555] vgaarb: loaded
[    0.695127] vgaarb: bridge control possible 0000:00:02.0
[    0.696353] SCSI subsystem initialized
[    0.738318] ACPI: bus type USB registered
[    0.739125] usbcore: registered new interface driver usbfs
[    0.740136] usbcore: registered new interface driver hub
[    0.741074] usbcore: registered new device driver usb
[    0.742157] PCI: Using ACPI for IRQ routing
[    0.743157] NetLabel: Initializing
[    0.743865] NetLabel:  domain hash size = 128
[    0.744647] NetLabel:  protocols = UNLABELED CIPSOv4
[    0.745510] NetLabel:  unlabeled traffic allowed by default
[    0.746573] amd_nb: Cannot enumerate AMD northbridges
[    0.747587] clocksource: Switched to clocksource kvm-clock
[    0.771704] AppArmor: AppArmor Filesystem Enabled
[    0.790147] pnp: PnP ACPI init
[   0.791356] pn: nP ACPI: found 3 devices

[    0.874591] clocksource: acpi_pm: mask: 0xffffff max_cycles: 0xffffff, max_idle_ns: 2085701024 ns
[    0.876198] NET: Registered protocol family 2
[    0.877147] TCP established hash table entries: 4096 (order: 3, 32768 bytes)
[    0.878308] TCP bind hash table entries: 4096 (order: 4, 65536 bytes)
[    0.879478] TCP: Hash tables configured (established 4096 bind 4096)
[    0.881171] UDP hash table entries: 256 (order: 1, 8192 bytes)
[    0.882265] UDP-Lite hash table entries: 256 (order: 1, 8192 bytes)
[    0.883498] NET: Registered protocol family 1
[    0.884316] pci 0000:00:00.0: Limiting direct PCI/PCI transfers
[    0.885329] pci 0000:00:01.0: Activating ISA DMA hang workarounds
[    0.886457] Unpacking initramfs...
[    1.084555] Freeing initrd memory: 14792K
[    1.109445] platform rtc_cmos: registered platform RTC device (no PNP device found)
[    1.110850] Scanning for low memory corruption every 60 seconds
[    1.112174] audit: initializing netlink subsys (disabled)
[    1.113137] audit: type=2000 audit(1535064232.615:1): initialized
[    1.114385] Initialise system trusted keyring
[    1.115297] HugeTLB registered 2 MB page size, pre-allocated 0 pages
[    1.297642] zbud: loaded
[    1.309615] VFS: Disk quotas dquot_6.6.0
[    1.310415] VFS: Dquot-cache hash table entries: 512 (order 0, 4096 bytes)
[    1.311791] squashfs: version 4.0 (2009/01/31) Phillip Lougher
[    1.313135] fuse init (API version 7.23)
[    1.321580] Key type big_key registered
[    1.322353] Allocating IMA MOK and blacklist keyrings.
[    1.324658] Key type asymmetric registered
[    1.339225] Asymmetric key parser 'x509' registered
[    1.340236] Block layer SCSI generic (bsg) driver version 0.4 loaded (major 249)
[    1.341646] io scheduler noop registered
[    1.342377] io scheduler deadline registered (default)
[    1.343268] io scheduler cfq registered
[    1.344207] pci_hotplug: PCI Hot Plug PCI Core version: 0.5
[    1.345153] pciehp: PCI Express Hot Plug Controller Driver version: 0.4
[    1.346326] ACPI: AC Adapter [AC] (on-line)
[    1.347194] input: Power Button as /devices/LNXSYSTM:00/LNXPWRBN:00/input/input0
[    1.348697] ACPI: Power Button [PWRF]
[    1.359126] input: Sleep Button as /devices/LNXSYSTM:00/LNXSLPBN:00/input/input1
[    1.360565] ACPI: Sleep Button [SLPF]
[    1.361942] ACPI: Battery Slot [BAT0] (battery present)
[    1.362893] GHES: HEST is not enabled!
[    1.363702] Serial: 8250/16550 driver, 32 ports, IRQ sharing enabled
[    1.386270] 00:02: ttyS0 at I/O 0x3f8 (irq = 4, base_baud = 115200) is a 16550A
[    1.388706] Linux agpgart interface v0.103
[    1.391317] loop: module loaded
[    1.392583] scsi host0: ata_piix
[    1.393407] scsi host1: ata_piix
[    1.394087] ata1: PATA max UDMA/33 cmd 0x1f0 ctl 0x3f6 bmdma 0xd000 irq 14
[    1.395156] ata2: PATA max UDMA/33 cmd 0x170 ctl 0x376 bmdma 0xd008 irq 15
[    1.396402] libphy: Fixed MDIO Bus: probed
[    1.397227] tun: Universal TUN/TAP device driver, 1.6
[    1.398128] tun: (C) 1999-2004 Max Krasnyansky <maxk@qualcomm.com>
[    1.399190] PPP generic driver version 2.4.2
[    1.400080] ehci_hcd: USB 2.0 'Enhanced' Host Controller (EHCI) Driver
[    1.401116] ehci-pci: EHCI PCI platform driver
[    1.401902] ehci-platform: EHCI generic platform driver
[    1.402780] ohci_hcd: USB 1.1 'Open' Host Controller (OHCI) Driver
[    1.403858] ohci-pci: OHCI PCI platform driver
[    1.404676] ohci-platform: OHCI generic platform driver
[    1.405572] uhci_hcd: USB Universal Host Controller Interface driver
[    1.406652] i8042: PNP: PS/2 Controller [PNP0303:PS2K,PNP0f03:PS2M] at 0x60,0x64 irq 1,12
[    1.408800] serio: i8042 KBD port at 0x60,0x64 irq 1
[    1.409734] serio: i8042 AUX port at 0x60,0x64 irq 12
[    1.410691] mousedev: PS/2 mouse device common for all mice
[    1.412116] rtc_cmos rtc_cmos: rtc core: registered rtc_cmos as rtc0
[    1.413248] rtc_cmos rtc_cmos: alarms up to one day, 114 bytes nvram
[    1.414315] input: AT Translated Set 2 keyboard as /devices/platform/i8042/serio0/input/input2
[    1.415877] i2c /dev entries driver
[    1.416700] device-mapper: uevent: version 1.0.3
[    1.417690] device-mapper: ioctl: 4.34.0-ioctl (2015-10-28) initialised: dm-devel@redhat.com
[    1.419235] ledtrig-cpu: registered to indicate activity on CPUs
[    1.420774] NET: Registered protocol family 10
[    1.421775] NET: Registered protocol family 17
[    1.422622] Key type dns_resolver registered
[    1.423647] registered taskstats version 1
[    1.424458] Loading compiled-in X.509 certificates
[    1.425841] Loaded X.509 cert 'Build time autogenerated kernel key: 8f274abdf49cd12572c1533a34d1eafea768213f'
[    1.427516] zswap: loaded using pool lzo/zbud
[    1.430083] Key type trusted registered
[    1.433798] Key type encrypted registered
[    1.434587] AppArmor: AppArmor sha1 policy hashing enabled
[    1.435547] ima: No TPM chip found, activating TPM-bypass!
[    1.436513] ima: Allocated hash algorithm: sha1
[    1.449418] evm: HMAC attrs: 0x1
[    1.450492]   Magic number: 14:759:755
[    1.451238] tty ttyS6: hash matches
[    1.452060] rtc_cmos rtc_cmos: setting system clock to 2018-08-23 22:43:48 UTC (1535064228)
[    1.453676] BIOS EDD facility v0.16 2004-Jun-25, 0 devices found
[    1.454700] EDD information not available.
[    1.556762] Freeing unused kernel memory: 1516K
[    1.561001] Write protecting the kernel read-only data: 14336k
[    1.567369] Freeing unused kernel memory: 1680K
[    1.582517] Freeing unused kernel memory: 96K
Loading, please [    1.630187] random: systemd-udevd: uninitialized urandom read (16 bytes read, 3 bits of entropy available)
wait...
starting version 229
[    1.630815] random: udevadm: uninitialized urandom read (16 bytes read, 3 bits of entropy available)
[    1.630830] random: udevadm: uninitialized urandom read (16 bytes read, 3 bits of entropy available)
[    1.638991] random: udevadm: uninitialized urandom read (16 bytes read, 3 bits of entropy available)
[    1.639029] random: udevadm: uninitialized urandom read (16 bytes read, 3 bits of entropy available)
[    1.639144] random: udevadm: uninitialized urandom read (16 bytes read, 3 bits of entropy available)
[    1.639186] random: udevadm: uninitialized urandom read (16 bytes read, 3 bits of entropy available)
[    1.639226] random: udevadm: uninitialized urandom read (16 bytes read, 3 bits of entropy available)
[    1.639268] random: udevadm: uninitialized urandom read (16 bytes read, 3 bits of entropy available)
[    1.639307] random: udevadm: uninitialized urandom read (16 bytes read, 3 bits of entropy available)
[    1.742540] e1000: Intel(R) PRO/1000 Network Driver - version 7.3.21-k8-NAPI
[    1.744364] e1000: Copyright (c) 1999-2006 Intel Corporation.
[    1.748827] Fusion MPT base driver 3.04.20
[    1.805242] Copyright (c) 1999-2008 LSI Corporation
[    1.836756] Fusion MPT SPI Host driver 3.04.20
[    1.891411] AVX2 version of gcm_enc/dec engaged.
[    1.893162] AES CTR mode by8 optimization enabled
[    2.025511] input: ImExPS/2 Generic Explorer Mouse as /devices/platform/i8042/serio1/input/input4
[    2.107630] tsc: Refined TSC clocksource calibration: 2592.542 MHz
[    2.108910] clocksource: tsc: mask: 0xffffffffffffffff max_cycles: 0x255eb6cad1e, max_idle_ns: 440795226948 ns
[    2.206867] e1000 0000:00:03.0 eth0: (PCI:33MHz:32-bit) 02:54:ad:ea:60:2e
[    2.249782] e1000 0000:00:03.0 eth0: Intel(R) PRO/1000 Network Connection
[    2.251510] mptbase: ioc0: Initiating bringup
[    3.089611] ioc0: LSI53C1030 A0: Capabilities={Initiator}
[    4.144919] scsi host2: ioc0: LSI53C1030 A0, FwRev=00000000h, Ports=1, MaxQ=256, IRQ=20
[    4.561638] scsi 2:0:0:0: Direct-Access     VBOX     HARDDISK         1.0  PQ: 0 ANSI: 5
[    4.571122] scsi target2:0:0: Beginning Domain Validation
[    4.587011] scsi target2:0:0: Domain Validation skipping write tests
[    4.615855] scsi target2:0:0: Ending Domain Validation
[    4.616899] scsi target2:0:0: asynchronous
[    4.623763] scsi 2:0:1:0: Direct-Access     VBOX     HARDDISK         1.0  PQ: 0 ANSI: 5
[    4.626582] scsi target2:0:1: Beginning Domain Validation
[    4.640461] scsi target2:0:1: Domain Validation skipping write tests
[    4.641580] scsi target2:0:1: Ending Domain Validation
[    4.642704] scsi target2:0:1: asynchronous
[    4.652602] sd 2:0:0:0: Attached scsi generic sg0 type 0
[    4.653911] sd 2:0:0:0: [sda] 20971520 512-byte logical blocks: (10.7 GB/10.0 GiB)
[    4.656121] sd 2:0:1:0: Attached scsi generic sg1 type 0
[    4.657457] sd 2:0:0:0: [sda] Write Protect is off
[    4.658596] sd 2:0:1:0: [sdb] 20480 512-byte logical blocks: (10.5 MB/10.0 MiB)
[    4.660391] sd 2:0:0:0: [sda] Incomplete mode parameter data
[    4.661532] sd 2:0:0:0: [sda] Assuming drive cache: write through
[    4.662989] sd 2:0:1:0: [sdb] Write Protect is off
[    4.669584] sd 2:0:1:0: [sdb] Incomplete mode parameter data
[    4.670627] sd 2:0:1:0: [sdb] Assuming drive cache: write through
[    4.723368]  sda: sda1
[    4.724692] sd 2:0:0:0: [sda] Attached SCSI disk
[    4.746886] sd 2:0:1:0: [sdb] Attached SCSI disk
[    4.927255] e1000 0000:00:08.0 eth1: (PCI:33MHz:32-bit) 08:00:27:7a:4d:5e
[    5.059420] e1000 0000:00:08.0 eth1: Intel(R) PRO/1000 Network Connection
[    5.061342] e1000 0000:00:08.0 enp0s8: renamed from eth1
[    5.074250] e1000 0000:00:03.0 enp0s3: renamed from eth0
Begin: Loading essential drivers ... [    6.455017] md: linear personality registered for level -1
[    6.459052] md: multipath personality registered for level -4
[    6.461854] md: raid0 personality registered for level 0
[    6.464838] md: raid1 personality registered for level 1
[    6.568499] raid6: sse2x1   gen() 11904 MB/s
[    6.636923] raid6: sse2x1   xor()  7369 MB/s
[    6.708541] raid6: sse2x2   gen() 13594 MB/s
[    6.838566] raid6: sse2x2   xor()  8664 MB/s
[    6.916000] raid6: sse2x4   gen() 14522 MB/s
[    7.008560] raid6: sse2x4   xor()  9904 MB/s
[    7.095712] raid6: avx2x1   gen() 18272 MB/s
[    7.163669] raid6: avx2x2   gen() 23500 MB/s
[    7.248541] raid6: avx2x4   gen() 28005 MB/s
[    7.272871] raid6: using algorithm avx2x4 gen() 28005 MB/s
[    7.273783] raid6: using avx2x2 recovery algorithm
[    7.275978] xor: automatically using best checksumming function:
[    7.315640]    avx       : 22710.000 MB/sec
[    7.317725] async_tx: api initialized (async)
[    7.326599] md: raid6 personality registered for level 6
[    7.328746] md: raid5 personality registered for level 5
[    7.329683] md: raid4 personality registered for level 4
[    7.335331] md: raid10 personality registered for level 10
done.
Begin: Running /scripts/init-premount ... done.
Begin: Mounting root file system ... Begin: Running /scripts/local-top ... done.
Begin: Running /scripts/local-premount ... [    7.378040] Btrfs loaded
Scanning for Btrfs filesystems
done.
Warning: fsck not present, so skipping root file system
[    7.521996] EXT4-fs (sda1): mounted filesystem with ordered data mode. Opts: (null)
done.
Begin: Running /scripts/local-bottom ... done.
Begin: Running /scripts/init-bottom ... done.
[    8.281103] random: nonblocking pool is initialized
[    8.460542] systemd[1]: systemd 229 running in system mode. (+PAM +AUDIT +SELINUX +IMA +APPARMOR +SMACK +SYSVINIT +UTMP +LIBCRYPTSETUP +GCRYPT +GNUTLS +ACL +XZ -LZ4 +SECCOMP +BLKID +ELFUTILS +KMOD -IDN)
[    8.494917] systemd[1]: Detected virtualization oracle.
[    8.509383] systemd[1]: Detected architecture x86-64.

Welcome to [1mUbuntu 16.04.5 LTS[0m!

[    8.577269] systemd[1]: Set hosamto <ubuntu>.

[    8.738478] systemd[1]: Initializing machine ID from random generator.
[    8.760642] systemd[1]: Installed transient /etc/machine-id file.
[   10.455717] systemd[1]: Set up automount Arbitrary Executable File Formats File System Automount Point.
[[0;32m  OK  [0m] Set up automount Arbitrary Executab...ats File System Automount Point.
[   10.641058] systemd[1]: Listening on /dev/initctl Compatibility Named Pipe.
[[0;32m  OK  [0m] Listening on /dev/initctl Compatibility Named Pipe.
[   10.660700] systemd[1]: Listening on LVM2 metadata daemon socket.
[[0;32m  OK  [0m] Listening on LVM2 metadata daemon socket.
[   10.688723] systemd[1]: Listening on Device-mapper event daemon FIFOs.
[[0;32m  OK  [0m] Listening on Device-mapper event daemon FIFOs.
[   10.691720] systemd[1]: Reached target Swap.
[[0;32m  OK  [0m] Reached target Swap.
[   10.699153] systemd[1]: Reached target User and Group Name Lookups.
[[0;32m  OK  [0m] Reached target User and Group Name Lookups.
[   10.702375] systemd[1]: Listening on LVM2 poll daemon socket.
[[0;32m  OK  [0m] Listening on LVM2 poll daemon socket.
[   10.718257] systemd[1]: Created slice System Slice.
[[0;32m  OK  [0m] Created slice System Slice.
[   10.754240] systemd[1]: Created slice system-serial\x2dgetty.slice.
[[0;32m  OK  [0m] Created slice system-serial\x2dgetty.slice.
[   10.757986] systemd[1]: Listening on udev Kernel Socket.
[[0;32m  OK  [0m] Listening on udev Kernel Socket.
[   10.761649] systemd[1]: Listening on udev Control Socket.
[[0;32m  OK  [0m] Listening on udev Control Socket.
[   10.769025] systemd[1]: Listening on Journal Audit Socket.
[[0;32m  OK  [0m] Listening on Journal Audit Socket.
[   10.774472] systemd[1]: Listening on Syslog Socket.
[[0;32m  OK  [0m] Listening on Syslog Socket.
[   10.778137] systemd[1]: Started Trigger resolvconf update for networkd DNS.
[[0;32m  OK  [0m] Started Trigger resolvconf update for networkd DNS.
[   10.785950] systemd[1]: Created slice User and Session Slice.
[[0;32m  OK  [0m] Created slice User and Session Slice.
[   10.820349] systemd[1]: Started Forward Password Requests to Wall Directory Watch.
[[0;32m  OK  [0m] Started Forward Password Requests to Wall Directory Watch.
[   10.831557] systemd[1]: Reached target Encrypted Volumes.
[[0;32m  OK  [0m] Reached target Encrypted Volumes.
[   10.839050] systemd[1]: Reached target Slices.
[[0;32m  OK  [0m] Reached target Slices.
[   10.895914] systemd[1]: Listening on Journal Socket.
[[0;32m  OK  [0m] Listening on Journal Socket.
[   11.015970] systemd[1]: Starting Nameserver information manager...
         Starting Nameserver information manager...
[   11.019982] systemd[1]: Starting Monitoring of LVM2 mirrors, snapshots etc. using dmeventd or progress polling...
         Starting Monitoring of LVM2 mirrors... dmeventd or progress polling...
[   11.091909] systemd[1]: Starting Load Kernel Modules...
         Starting Load Kernel Modules...
[   11.129800] systemd[1]: Mounting Debug File System...
         Mounting Debug File System...
[   11.149046] systemd[1]: Starting Create list of required static device nodes for the current kernel...
         Starting Create list of required st... nodes for the current kernel...
[   11.197568] systemd[1]: Starting Remount Root and Kernel File Systems...
         Starting Remount Root and Kernel File Systems...
[   11.244025] systemd[1]: Mounting Huge Pages File System...
         Mounting Huge Pages Fil[   11.267010] Loading iSCSI transport class v2.0-870.
e System...
[   11.280726] systemd[1]: Starting Uncomplicated firewall...
         Starting Uncomplicated firewall...
[   11.322579] systemd[1]: Mounting POSIX Message Queue File System...
         Mounting POSIX Message Queue File System...
[   11.365343] systemd[1]: Reached target System Time Synchronized.
[   11.366581] EXT4-fs (sda1): re-mounted. Opts: (null)
[[0;32m  OK  [0m] Reached target System Time Synchronized.
[   11.413498] systemd[1]: Listening on Journal Socket (/dev/log).
[   11.437526] iscsi: registered transport (tcp)
[[0;32m  OK  [0m] Listening on Journal Socket (/dev/log).
[   11.456324] systemd[1]: Starting Journal Service...
         Starting Journal Service...
[   11.464619] systemd[1]: Starting Set console keymap...
         Starting Set console keymap...
[   11.533098] systemd[1]: Mounted Debug File System.
[[0;32m  OK  [0m] Mounted Debug File System.
[   11.553057] systemd[1]: Mounted POSIX Message Queue File System.
[[0;32m  OK  [0m] Mounted POSIX Message Queue File System.
[   11.560067] systemd[1]: Mounted Huge Pages File System.
[[0;32m  OK  [0m] Mounted Huge Pages File System.
[   11.568994] systemd[1]: Started Create list of required static device nodes for the current kernel.
[[0;32m  OK  [0m] Started Create list of required sta...ce nodes for the current kernel.
[   11.614660] systemd[1]: Started Remount Root and Kernel File Systems.
[[0;32m  OK  [0m] Started Remount Root and Kernel File Systems.
[   11.626868] systemd[1]: Started Uncomplicated firewall.
[[0;32m  OK  [0m] Started Uncomplicated firewall.
[   11.643836] systemd[1]: Started Nameserver information manager.
[[0;32m  OK  [0m] Started Nameserver information manager.
[   11.703880] systemd[1]: Started LVM2 metadata daemon.
[[0;32m  OK  [0m] Started LVM2 metadata daemon.
[   11.804611] systemd[1]: Starting udev Coldplug all Devices...
         Starting udev Coldplug all Devices...
[   11.837575] systemd[1]: Starting Load/Save Random Seed...
[   11.893648] iscsi: registered transport (iser)
         Starting Load/Save Random Seed...
[   11.909635] systemd[1]: Starting Create Static Device Nodes in /dev...
         Starting Create Static Device Nodes in /dev...
[   11.922034] systemd[1]: Started Load Kernel Modules.
[[0;32m  OK  [0m] Started Load Kernel Modules.
[   11.961088] systemd[1]: Starting Apply Kernel Variables...
         Starting Apply Kernel Variables...
[   11.972730] systemd[1]: Mounting FUSE Control File System...
         Mounting FUSE Control File System...
[   11.997028] systemd[1]: Mounted FUSE Control File System.
[[0;32m  OK  [0m] Mounted FUSE Control File System.
[   12.021935] systemd[1]: Started Set console keymap.
[[0;32m  OK  [0m] Started Set console keymap.
[   12.048805] systemd[1]: Started Load/Save Random Seed.
[[0;32m  OK  [0m] Started Load/Save Random Seed.
[   12.124003] systemd[1]: Started udev Coldplug all Devices.
[[0;32m  OK  [0m] Started udev Coldplug all Devices.
[   12.164630] systemd[1]: Started Journal Service.
[[0;32m  OK  [0m] Started Journal Service.
         Starting Flush Journal to Persistent Storage...
[[0;32m  OK  [0m] Started Monitoring of LVM2 mirrors,...ng dmeventd or progress polling.
[   12.326573] systemd-journald[399]: Received request to flush runtime journal from PID 1
[[0;32m  OK  [0m] Started Apply Kernel Variables.
[[0;32m  OK  [0m] Started Flush Journal to Persistent Storage.
[[0;32m  OK  [0m] Started Create Static Device Nodes in /dev.
         Starting udev Kernel Device Manager...
[[0;32m  OK  [0m] Started udev Kernel Device Manager.
[[0;32m  OK  [0m] Reached target Local File Systems (Pre).
[[0;32m  OK  [0m] Reached target Local File Systems.
         Starting Tell Plymouth To Write Out Runtime Data...
         Starting LSB: AppArmor initialization...
         Starting Set console font and keymap...
         Starting Initial cloud-init job (pre-networking)...
         Starting Create Volatile Files and Directories...
         Starting Commit a transient machine-id on disk...
[[0;32m  OK  [0m] Started Dispatch Password Requests to Console Directory Watch.
[[0;32m  OK  [0m] Started Tell Plymouth To Write Out Runtime Data.
[[0;32m  OK  [0m] Started Commit a transient machine-id on disk.
[[0;32m  OK  [0m] Started Create Volatile Files and Directories.
         Starting Update UTMP about System Boot/Shutdown...
[[0;32m  OK  [0m] Started Update UTMP about System Boot/Shutdown.
[[0;32m  OK  [0m] Found device /dev/ttyS0.
[[0;32m  OK  [0m] Listening on Load/Save RF Kill Switch Status /dev/rfkill Watch.
[[0;32m  OK  [0m] Started Set console font and keymap.
[[0;32m  OK  [0m] Created slice system-getty.slice.
[[0;32m  OK  [0m] Started LSB: AppArmor initialization.
[   24.265401] cloud-init[493]: Cloud-init v. 18.3-9-g2e62cb8a-0ubuntu1~16.04.2 running 'init-local' at Thu, 23 Aug 2018 22:44:10 +0000. Up 22.53 seconds.
[[0;32m  OK  [0m] Started Initial cloud-init job (pre-networking).
[[0;32m  OK  [0m] Reached target Network (Pre).
         Starting Raise network interfaces...
[[0;32m  OK  [0m] Started Raise network interfaces.
         Starting Initial cloud-init job (metadata service crawler)...
[[0;32m  OK  [0m] Reached target Network.
[   27.779563] cloud-init[952]: Cloud-init v. 18.3-9-g2e62cb8a-0ubuntu1~16.04.2 running 'init' at Thu, 23 Aug 2018 22:44:13 +0000. Up 25.69 seconds.
[   27.861909] [[0;32m  OK  [0m] Started Initial cloud-init job (metadata service crawler).
cloud-init[952]: ci-info: ++++++++++++++++++++++++++++++++++++++Net device info+++++++++++++++++++++++++++++++++++++++
[   27.877967] [cloud-init[0;32m  OK  [0m[952]: ] ci-info: +--------+-------+----------------------------+---------------+--------+-------------------+Reached target Cloud-config availability.

[[0;32m  OK  [0m] Reached target System Initialization.
[   27.878299] cloud-init[952]: ci-info: | Device |   Up  |          Address           |      Mask     | Scope  |     Hw-Address    |
[   27.924729] [[0;32m  OK  [0m] Started ACPI Events Check.
[[0;32m  OK  [0m] Reached target Paths.
[[0;32m  OK  [0m] Listening on UUID daemon activation socket.
[[0;32m  OK  [0m] Started Daily apt download activities.
[[0;32m  OK  [0m] Started Daily apt upgrade and clean activities.
[[0;32m  OK  [0m] Listening on D-Bus System Message Bus Socket.
[[0;32m  OK  [0m] Listening on ACPID Listen Socket.
cloud-init[952]: ci-info: +--------+-------+----------------------------+---------------+--------+-------------------+
[   27.950052]          Starting Socket activation for snappy daemon.
cloud-init[952]: ci-info: | enp0s3 |  True |         10.0.2.15          | 255.255.255.0 | global | 02:54:ad:ea:60:2e |
[   27.975031]          Starting LXD - unix socket.
[[0;32m  OK  [0m] Started Daily Cleanup of Temporary Directories.
cloud-init[952]: ci-info: | enp0s3 |  True | fe80::54:adff:feea:602e/64 |       .       |  link  | 02:54:ad:ea:60:2e |
[   27.993277] [[0;32m  OK  [0m] Reached target Timers.
[[0;32m  OK  [0m] Reached target Network is Online.
cloud-init[952]: ci-info: | enp0s8 | False |             .              |       .       |   .    | 08:00:27:7a:4d:5e |
[   28.032326]          cloud-initStarting iSCSI initiator daemon (iscsid)...[952]: 
ci-info: |   lo   |  True |         127.0.0.1          |   255.0.0.0   |  host  |         .         |
[   28.035160] [[0;32m  OK  [0m] Listening on Socket activation for snappy daemon.
[[0;32m  OK  [0m] Listening on LXD - unix socket.
cloud-init[952]: ci-info: |   lo   |  True |          ::1/128           |       .       |  host  |         .         |[[0;32m  OK  [0m] Reached target Sockets.
[[0;32m  OK  [0m] Reached target Basic System.

[   28.046432] cloud-init[952]: ci-info: +--------+-------+----------------------------+---------------+--------+-------------------+
[   28.060570] cloud-init[952]: ci-info: +++++++++++++++++++++++++++Route IPv4 info++++++++++++++++++++++++++++
[   28.065442] cloud-init[952]: ci-info: +-------+-------------+----------+---------------+-----------+-------+
[   28.067087] cloud-init[952]: ci-info: | Route | Destination | Gateway  |    Genmask    | Interface | Flags |
[   28.068725] cloud-init[952]: ci-info: +-------+-------------+----------+---------------+-----------+-------+
[   28.072455]          Starting Pollinate to seed the pseudo random number generator...
cloud-init[952]: ci-info: |   0   |   0.0.0.0   | 10.0.2.2 |    0.0.0.0    |   enp0s3  |   UG  |
[   28.116535]          Starting /etc/rc.local Compatibility...
cloud-init[952]: ci-info: |   1   |   10.0.2.0  | 0.0.0.0  | 255.255.255.0 |   enp0s3  |   U   |
[   28.118709] cloud-init[952]: ci-info: +-------+-------------+----------+---------------+-----------+-------+
[   28.120217] cloud-init[952]: ci-info: +++++++++++++++++++Route IPv6 info+++++++++++++++++++
[   28.121577] cloud-init[952]: ci-info: +-------+-------------+---------+-----------+-------+
[   28.124840] cloud-init[952]: ci-info: | Route | Destination | Gateway | Interface | Flags |
         Starting Login Service...
[   28.132105] cloud-init[952]: ci-info: +-------+-------------+---------+-----------+-------+
[   28.140521]          Starting System Logging Service...
cloud-init[952]: ci-info: |   0   |  fe80::/64  |    ::   |   enp0s3  |   U   |
         Starting LSB: MD monitoring daemon...
[   28.162598] cloud-init[952]: ci-info: |   3   |   ff00::/8  |    ::   |   enp0s3  |   U   |
[   28.204285]          Starting LSB: Record successful boot for GRUB...
cloud-init[[0;32m  OK  [0m] Started Deferred execution scheduler.
[952]:          Starting LXD - container startup/shutdown...
[[0;32m  OK  [0m] Started Unattended Upgrades Shutdown.
ci-info: +-------+-------------+---------+-----------+-------+
[   28.216502] [[0;32m  OK  [0m] Started FUSE filesystem for LXC.
cloud-init[952]: Generating public/private rsa key pair.
[   28.218370] cloud-init[952]: Your identification has been saved in /etc/ssh/ssh_host_rsa_key.
[   28.219980] cloud-init[952]: Your public key has been saved in /etc/ssh/ssh_host_rsa_key.pub.
[   28.221877] cloud-init[952]: The key fingerprint is:
[   28.238226] cloud-init[952]: SHA256:mZW4jJRR/8nbox0HU94sJa/WP+HSiaegG40o+l0vrdw root@ubuntu-xenial
[   28.239897] cloud-init[952]: The key's randomart image is:
[   28.241401] cloud-init[952]: +---[RSA 2048]----+
[   28.242559] cloud-init[952]: |      ...        |
[   28.243733] cloud-init[952]: |       o o .     |
[   28.249265] cloud-init[952]: |      o . +   . o|
[   28.288328] cloud-init[952]: |     . o = o . B.|
[   28.302031] cloud-init[952]: |      . S   + + =|
[   28.303423] cloud-init[952]: |        . o  o B |
[   28.304546] cloud-init[952]: |     . . +.o. X =|
[   28.305578] cloud-init[952]: |    . o o.=..* X.|
[   28.306611] cloud-init[952]: |   ... . =+E..= o|
[   28.307636] cloud-init[952]: +----[SHA256]-----+
[   28.312800] cloud-init[952]: Generating public/private dsa key pair.
[   28.314102] cloud-init[952]: Your identification has been saved in /etc/ssh/ssh_host_dsa_key.
[   28.324588] cloud-init[952]: Your public key has been saved in /etc/ssh/ssh_host_dsa_key.pub.
[   28.326188] cloud-init[952]: The key fingerprint is:
[   28.327374] cloud-init[952]: SHA256:9O7wL4kM6+FKpjVTruM9bEp3GLn1nlcHCfZrC0q6ZeI root@ubuntu-xenial
[   28.333168] cloud-init[952]: The key's randomart image is:
[   28.336783] [[0;32m  OK  [0m] Started ACPI event daemon.
cloud-init[952]: +---[DSA 1024]----+
[   28.341623]          Starting Accounts Service...
cloud-init[952]: |                 |
[   28.344496] cloud-init[952]: |            o    |
[   28.348668]          Starting Virtualbox guest utils...
cloud-init[952]: |        .  . o . |
[   28.353877] cloud-init[952]: |       o .    +  |
[   28.364678] cloud-init[952]: |      + S .    o |
[   28.370637] cloud-init[952]: |     o.= o. . + .|
[   28.373744] cloud-init[952]: |    B.*+++=o + o |
[   28.374790] cloud-init[952]: |   *.B=++O+.. .  |
[   28.375847] cloud-init[952]: |  ..=*+.E.=+.    |
[   28.392327] cloud-init[952]: +----[SHA256]-----+
[   28.436313] [cloud-init[0;32m  OK  [0m[952]: ] Generating public/private ecdsa key pair.Started Regular background program processing daemon.

[   28.436756] cloud-init[952]: Your identification has been saved in /etc/ssh/ssh_host_ecdsa_key.
         Starting Snappy daemon...
[   28.512022] cloud-init[952]: Your public key has been saved in /etc/ssh/ssh_host_ecdsa_key.pub.[[0;32m  OK  [0m] Started D-Bus System Message Bus.

[   28.525393] cloud-init[952]: The key fingerprint is:
[   28.526470] cloud-init[952]: SHA256:PgX82PRiDpPL9ja5I7IHXcayqMiYiSqdrraZRftgQHQ root@ubuntu-xenial
[   28.544345] cloud-init[952]: The key's randomart image is:
[   28.569042] cloud-init[952]: +---[ECDSA 256]---+
[   28.576775] cloud-init[952]: | . E             |
[   28.580087] cloud-init[952]: |. .    .         |
[   28.583685] cloud-init[952]: | .      o..      |
[   28.629441] cloud-init[952]: |.       .B+.     |
[   28.648156] cloud-init[952]: | . .   oS=* .    |
[   28.657852] cloud-init[952]: |  o . oooB .     |
[   28.659796] cloud-init[952]: |.* B . .* ..     |
[   28.661333] cloud-init[952]: |*.X + ..oo=      |
[   28.662752] cloud-init[952]: |**o  ..+ oo+     |
[   28.664593] cloud-init[952]: +----[SHA256]-----+
[   28.670663] cloud-init[952]: Generating public/private ed25519 key pair.
[   28.696365] cloud-init[952]: Your identification has been saved in /etc/ssh/ssh_host_ed25519_key.
[   28.724665] cloud-init[952]: Your public key has been saved in /etc/ssh/ssh_host_ed25519_key.pub.
[   28.726621] cloud-init[952]: The key fingerprint is:
[   28.740381] cloud-init[952]: SHA256:GqaUJ9558jZnMJn3/XQxEhrg4GhVCPfk2W3kUM15dCE root@ubuntu-xenial
[   28.769743] cloud-init[952]: The key's randomart image is:
[   28.771360] cloud-init[952]: +--[ED25519 256]--+
[   28.772882] cloud-init[952]: |     ..+o+ ..Eoo=|
[   28.783160] cloud-init[952]: |      =.* + = .+o|
[   28.816829] cloud-init[952]: |     o . = o =  .|
[   28.845166] cloud-init[952]: |    ..      + .  |
[   28.865645] cloud-init[952]: |    + + So . . o |
[   28.872140] cloud-init[952]: |   o * += .   . o|
[   28.873189] cloud-init[952]: |    o = .+ . .  o|
[   28.874160] cloud-init[952]: |       +o o . ...|
[   28.892343] cloud-init[952]: |       ..+     ..|
[   28.922461] cloud-init[952]: +----[SHA256]-----+
[[0;32m  OK  [0m] Started System Logging Service.
[[0;32m  OK  [0m] Started /etc/rc.local Compatibility.
[[0;32m  OK  [0m] Started Login Service.
[[0;32m  OK  [0m] Started iSCSI initiator daemon (iscsid).
         Starting Login to default iSCSI targets...
[[0;32m  OK  [0m] Started LSB: MD monitoring daemon.
[[0;32m  OK  [0m] Started LSB: Record successful boot for GRUB.
[[0;32m  OK  [0m] Started Login to default iSCSI targets.
[[0;32m  OK  [0m] Reached target Remote File Systems (Pre).
[[0;32m  OK  [0m] Reached target Remote File Systems.
         Starting Permit User Sessions...
         Starting LSB: Set the CPU Frequency Scaling governor to "ondemand"...
         Starting LSB: automatic crash report generation...
         Starting LSB: daemon to balance interrupts for SMP systems...
[[0;32m  OK  [0m] Started LSB: Set the CPU Frequency Scaling governor to "ondemand".
[[0;32m  OK  [0m] Started Permit User Sessions.
         Starting Terminate Plymouth Boot Screen...
         Starting Hold until boot process finishes up...
[[0;32m  OK  [0m] Started Hold until boot process finishes up.
[[0;32m  OK  [0m] Started Terminate Plymouth Boot Screen.
         Starting Set console scheme...
[[0;32m  OK  [0m] Started Getty on tty1.
[[0;32m  OK  [0m] Started Serial Getty on ttyS0.
[[0;32m  OK  [0m] Reached target Login Prompts.
[[0;32m  OK  [0m] Started LSB: daemon to balance interrupts for SMP systems.
[[0;32m  OK  [0m] Started LSB: automatic crash report generation.
[[0;32m  OK  [0m] Started Set console scheme.
         Starting Authenticate and Authorize Users to Run Privileged Tasks...
[[0;32m  OK  [0m] Started Authenticate and Authorize Users to Run Privileged Tasks.
[[0;32m  OK  [0m] Started Accounts Service.
[[0;32m  OK  [0m] Started Virtualbox guest utils.
[[0;32m  OK  [0m] Started LXD - container startup/shutdown.
[[0;32m  OK  [0m] Started Snappy daemon.
         Starting Wait until snapd is fully seeded...
[[0;32m  OK  [0m] Started Pollinate to seed the pseudo random number generator.
         Starting OpenBSD Secure Shell server...
[[0;32m  OK  [0m] Started OpenBSD Secure Shell server.
[[0;32m  OK  [0m] Created slice User Slice of vagrant.
         Starting User Manager for UID 1000...
[[0;32m  OK  [0m] Started Session 1 of user vagrant.
[[0;32m  OK  [0m] Started User Manager for UID 1000.
[[0;32m  OK  [0m] Started Wait until snapd is fully seeded.
         Starting Apply the settings specified in cloud-config...
[[0;32m  OK  [0m] Reached target Multi-User System.
[[0;32m  OK  [0m] Reached target Graphical Interface.
         Starting Update UTMP about System Runlevel Changes...
[   36.404904] cloud-init[1375]: Generating locales (this might take a while)...

Ubuntu 16.04.5 LTS ubuntu-xenial ttyS0

ubuntu-xenial login: [   37.406703] cloud-init[1375]:   en_US.UTF-8... done
[   37.407907] cloud-init[1375]: Generation complete.
[   39.670172] cloud-init[1375]: Cloud-init v. 18.3-9-g2e62cb8a-0ubuntu1~16.04.2 running 'modules:config' at Thu, 23 Aug 2018 22:44:23 +0000. Up 35.99 seconds.
ci-info: no authorized ssh keys fingerprints found for user ubuntu.
<14>Aug 23 22:44:27 ec2: 
<14>Aug 23 22:44:27 ec2: #############################################################
<14>Aug 23 22:44:27 ec2: -----BEGIN SSH HOST KEY FINGERPRINTS-----
<14>Aug 23 22:44:27 ec2: 1024 SHA256:9O7wL4kM6+FKpjVTruM9bEp3GLn1nlcHCfZrC0q6ZeI root@ubuntu-xenial (DSA)
<14>Aug 23 22:44:27 ec2: 256 SHA256:PgX82PRiDpPL9ja5I7IHXcayqMiYiSqdrraZRftgQHQ root@ubuntu-xenial (ECDSA)
<14>Aug 23 22:44:27 ec2: 256 SHA256:GqaUJ9558jZnMJn3/XQxEhrg4GhVCPfk2W3kUM15dCE root@ubuntu-xenial (ED25519)
<14>Aug 23 22:44:27 ec2: 2048 SHA256:mZW4jJRR/8nbox0HU94sJa/WP+HSiaegG40o+l0vrdw root@ubuntu-xenial (RSA)
<14>Aug 23 22:44:27 ec2: -----END SSH HOST KEY FINGERPRINTS-----
<14>Aug 23 22:44:27 ec2: #############################################################
-----BEGIN SSH HOST KEY KEYS-----
ecdsa-sha2-nistp256 AAAAE2VjZHNhLXNoYTItbmlzdHAyNTYAAAAIbmlzdHAyNTYAAABBBKy1AImmMCiomUqRCanaFqA2s8r+p0BX3U65LURkG8uzR1IxwrV3Ckqs4XbzoHJ3PoL3yc61WeQDpmfAMh2p5Hg= root@ubuntu-xenial
ssh-ed25519 AAAAC3NzaC1lZDI1NTE5AAAAIIpleKqEkGmPlb366EgnzS3p5lDiYjBIsEi994M6fWnu[49168.701852] Out of memory: Kill process 5452 (java) score 636 or sacrifice child
[49168.782907] Killed process 5452 (java) total-vm:1786836kB, anon-rss:316928kB, file-rss:0kB
sO09b3ahO4T5E9pJVqqHMFt02nXfFpG4NmvtatUdsUQj1Pwu2CLPyiI9lJ5gx/t8N6HPuHndQv/qGN+aI930mgNcKvlyi3Y78hjFEW3A3Ve6WtGVgQi0bbPqkf9SBQpLmAtSbT8P5nDh027ASaYe/GwHKCcf2l1bmc1BBj7heLWJaiNVlr+9Y3OX6D7PsVNFeHKFUt1e8W5NjuC3MtwMOEbwbBXe9 root@ubuntu-xenial
-----END SSH HOST KEY KEYS-----
[   40.327371] cloud-init[1516]: Cloud-init v. 18.3-9-g2e62cb8a-0ubuntu1~16.04.2 running 'modules:final' at Thu, 23 Aug 2018 22:44:27 +0000. Up 40.04 seconds.
[   40.327627] cloud-init[1516]: ci-info: no authorized ssh keys fingerprints found for user ubuntu.
[   40.327798] cloud-init[1516]: Cloud-init v. 18.3-9-g2e62cb8a-0ubuntu1~16.04.2 finished at Thu, 23 Aug 2018 22:44:27 +0000. Datasource DataSourceNoCloud [seed=/dev/sdb][dsmode=net].  Up 40.31 seconds
